<?xml version="1.0" encoding="UTF-8"?>
<!-- Generated by org.testng.reporters.JUnitReportReporter -->
<testsuite hostname="MobilityCoes-iMac.local" failures="0" tests="1" name="com.Github.demo.GitHub" time="0.008" errors="0" timestamp="2019-12-19T14:57:07 IST" skipped="0">
  <testcase classname="com.Github.demo.GitHub" name="devBuild" time="0.008"/>
</testsuite> <!-- com.Github.demo.GitHub -->
